% number = 1
% seconds = 0

% Interpretation of size 5

 a : 0

 b : 1

 c : 2

 d : 3

 e : 4

 actor : 
         0 1 2 3 4
    --------------
         1 0 0 0 0

 apollo : 
         0 1 2 3 4
    --------------
         0 0 0 0 1

 beagle : 
         0 1 2 3 4
    --------------
         0 0 0 0 1

 black : 
         0 1 2 3 4
    --------------
         1 0 0 0 0

 blue : 
         0 1 2 3 4
    --------------
         0 0 0 1 0

 bob : 
         0 1 2 3 4
    --------------
         1 0 0 0 0

 chihuaua : 
         0 1 2 3 4
    --------------
         0 0 1 0 0

 cooking : 
         0 1 2 3 4
    --------------
         0 0 0 0 1

 dachshund : 
         0 1 2 3 4
    --------------
         0 0 0 1 0

 designer : 
         0 1 2 3 4
    --------------
         0 1 0 0 0

 drawing : 
         0 1 2 3 4
    --------------
         0 1 0 0 0

 dylan : 
         0 1 2 3 4
    --------------
         0 0 0 0 1

 hank : 
         0 1 2 3 4
    --------------
         0 0 1 0 0

 hiking : 
         0 1 2 3 4
    --------------
         0 0 0 1 0

 jake : 
         0 1 2 3 4
    --------------
         0 1 0 0 0

 jogging : 
         0 1 2 3 4
    --------------
         1 0 0 0 0

 kevin : 
         0 1 2 3 4
    --------------
         0 0 0 1 0

 luke : 
         0 1 2 3 4
    --------------
         1 0 0 0 0

 nurse : 
         0 1 2 3 4
    --------------
         0 0 0 0 1

 painter : 
         0 1 2 3 4
    --------------
         0 0 0 1 0

 poodle : 
         0 1 2 3 4
    --------------
         0 1 0 0 0

 reading : 
         0 1 2 3 4
    --------------
         0 0 1 0 0

 red : 
         0 1 2 3 4
    --------------
         0 0 0 0 1

 rex : 
         0 1 2 3 4
    --------------
         0 0 0 1 0

 rottweiler : 
         0 1 2 3 4
    --------------
         1 0 0 0 0

 ryan : 
         0 1 2 3 4
    --------------
         0 1 0 0 0

 spyke : 
         0 1 2 3 4
    --------------
         0 0 1 0 0

 waiter : 
         0 1 2 3 4
    --------------
         0 0 1 0 0

 white : 
         0 1 2 3 4
    --------------
         0 1 0 0 0

 yellow : 
         0 1 2 3 4
    --------------
         0 0 1 0 0

 differentFrom : 
       | 0 1 2 3 4
    ---+----------
     0 | 0 1 1 1 1
     1 | 1 0 1 1 1
     2 | 1 1 0 1 1
     3 | 1 1 1 0 1
     4 | 1 1 1 1 0

 neighbor : 
       | 0 1 2 3 4
    ---+----------
     0 | 0 1 0 0 0
     1 | 1 0 1 0 0
     2 | 0 1 0 1 0
     3 | 0 0 1 0 1
     4 | 0 0 0 1 0

 rightneighbor : 
       | 0 1 2 3 4
    ---+----------
     0 | 0 1 0 0 0
     1 | 0 0 1 0 0
     2 | 0 0 0 1 0
     3 | 0 0 0 0 1
     4 | 0 0 0 0 0

 between : [0,0,0,0,0,1,0,1,0,0,0,0,0,0,0,0,0,0,0,0,0,0,0,0,0,0,1,0,0,0,0,0,0,0,0,0,1,0,1,0,0,0,0,0,0,0,0,0,0,0,0,0,0,0,0,1,0,1,0,0,0,0,0,0,0,0,0,1,0,1,0,0,0,0,0,0,0,0,0,0,0,0,0,0,0,0,1,0,1,0,0,0,0,0,0,0,0,0,1,0,0,0,0,0,0,0,0,0,0,0,0,0,0,0,0,0,0,1,0,1,0,0,0,0,0]
