% number = 1
% seconds = 0

% Interpretation of size 5

 a : 0

 b : 1

 c : 2

 d : 3

 e : 4

 beer : 
         0 1 2 3 4
    --------------
         0 0 0 1 0

 bird : 
         0 1 2 3 4
    --------------
         0 0 1 0 0

 blend : 
         0 1 2 3 4
    --------------
         0 1 0 0 0

 blue : 
         0 1 2 3 4
    --------------
         0 1 0 0 0

 blueMaster : 
         0 1 2 3 4
    --------------
         0 0 0 1 0

 brit : 
         0 1 2 3 4
    --------------
         0 0 1 0 0

 cat : 
         0 1 2 3 4
    --------------
         1 0 0 0 0

 coffe : 
         0 1 2 3 4
    --------------
         0 0 0 0 1

 dane : 
         0 1 2 3 4
    --------------
         0 1 0 0 0

 dog : 
         0 1 2 3 4
    --------------
         0 0 0 1 0

 dunhill : 
         0 1 2 3 4
    --------------
         1 0 0 0 0

 fish : 
         0 1 2 3 4
    --------------
         0 0 0 0 1

 german : 
         0 1 2 3 4
    --------------
         0 0 0 0 1

 green : 
         0 1 2 3 4
    --------------
         0 0 0 0 1

 horse : 
         0 1 2 3 4
    --------------
         0 1 0 0 0

 milk : 
         0 1 2 3 4
    --------------
         0 0 1 0 0

 norwegian : 
         0 1 2 3 4
    --------------
         1 0 0 0 0

 pall_mall : 
         0 1 2 3 4
    --------------
         0 0 1 0 0

 prince : 
         0 1 2 3 4
    --------------
         0 0 0 0 1

 red : 
         0 1 2 3 4
    --------------
         0 0 1 0 0

 swede : 
         0 1 2 3 4
    --------------
         0 0 0 1 0

 tea : 
         0 1 2 3 4
    --------------
         0 1 0 0 0

 water : 
         0 1 2 3 4
    --------------
         1 0 0 0 0

 white : 
         0 1 2 3 4
    --------------
         0 0 0 1 0

 yellow : 
         0 1 2 3 4
    --------------
         1 0 0 0 0

 differentFrom : 
       | 0 1 2 3 4
    ---+----------
     0 | 0 1 1 1 1
     1 | 1 0 1 1 1
     2 | 1 1 0 1 1
     3 | 1 1 1 0 1
     4 | 1 1 1 1 0

 leftneighbor : 
       | 0 1 2 3 4
    ---+----------
     0 | 0 0 0 0 0
     1 | 1 0 0 0 0
     2 | 0 1 0 0 0
     3 | 0 0 1 0 1
     4 | 0 0 0 1 0

 neighbor : 
       | 0 1 2 3 4
    ---+----------
     0 | 0 1 0 0 0
     1 | 1 0 1 0 0
     2 | 0 1 0 1 0
     3 | 0 0 1 0 1
     4 | 0 0 0 1 0

 rightneighbor : 
       | 0 1 2 3 4
    ---+----------
     0 | 0 1 0 0 0
     1 | 0 0 1 0 0
     2 | 0 0 0 1 0
     3 | 0 0 0 0 1
     4 | 0 0 0 0 0
